<?xml version="1.0" encoding="UTF-8"?>
<!-- Generated by org.testng.reporters.JUnitXMLReporter -->
<testsuite hostname="EC2AMAZ-7GLQJ8B" ignored="0" name="Default test" tests="6" failures="0" timestamp="2020-12-27T13:59:15 UTC" time="11.387" errors="0">
  <testcase name="addBook" time="9.0" classname="library_API.DynamicPayload"/>
  <testcase name="addBook" time="0.41" classname="library_API.DynamicPayload"/>
  <testcase name="addBook" time="0.577" classname="library_API.DynamicPayload"/>
  <testcase name="deleteBook" time="0.377" classname="library_API.DynamicPayload"/>
  <testcase name="deleteBook" time="0.351" classname="library_API.DynamicPayload"/>
  <testcase name="deleteBook" time="0.338" classname="library_API.DynamicPayload"/>
</testsuite> <!-- Default test -->
